-------------------------------------------------------------------------------
Test set: com.taygo.testRunner.TestRunner
-------------------------------------------------------------------------------
Tests run: 1, Failures: 1, Errors: 0, Skipped: 0, Time elapsed: 206.141 s <<< FAILURE! - in com.taygo.testRunner.TestRunner
Test Signup Functionality.User signup with loan officer  Time elapsed: 205.277 s  <<< FAILURE!
java.lang.AssertionError: Verify App Name
	at org.junit.Assert.fail(Assert.java:89)
	at org.junit.Assert.assertTrue(Assert.java:42)
	at com.taygo.pages.SignUpPage.googleReview(SignUpPage.java:547)
	at com.taygo.stepDefinations.SignUpPageSteps.verifyMyApps(SignUpPageSteps.java:147)
	at âœ½.user verify the my apps(file:///C:/Users/Admin/Documents/code%20llm%2010jan/DemoBdd/./src/test/java/com/taygo/feature/signUp.feature:32)

