<?xml version="1.0" encoding="UTF-8"?>
<testsuite xmlns:xsi="http://www.w3.org/2001/XMLSchema-instance" xsi:noNamespaceSchemaLocation="https://maven.apache.org/surefire/maven-surefire-plugin/xsd/surefire-test-report-3.0.xsd" version="3.0" name="com.taygo.testRunner.TestRunner" time="23.669" tests="1" errors="0" skipped="0" failures="0">
  <properties>
[...]
</properties>
  <testcase name="Test Signup with invalid user error message data" classname="Test Signup Functionality" time="22.944">
    <system-out><![CDATA[
@signup
Scenario Outline: Test Signup with invalid user error message data                                  &amp#27;[90m# src/test/java/com/taygo/feature/signUp.feature:11&amp#27;[0m
  &amp#27;[32mGiven &amp#27;[0m&amp#27;[32muser on the Signup page&amp#27;[0m                                                                     &amp#27;[90m# com.taygo.stepDefinations.SignUpPageSteps.userOnTheSignupPage()&amp#27;[0m
  &amp#27;[32mWhen &amp#27;[0m&amp#27;[32muser enter firstName &amp#27;[0m&amp#27;[32m&amp#27;[1m""&amp#27;[0m&amp#27;[32m, lastName &amp#27;[0m&amp#27;[32m&amp#27;[1m"Test"&amp#27;[0m&amp#27;[32m, email &amp#27;[0m&amp#27;[32m&amp#27;[1m"Test@gmail.com"&amp#27;[0m&amp#27;[32m, mobile &amp#27;[0m&amp#27;[32m&amp#27;[1m"8794568798"&amp#27;[0m        &amp#27;[90m# com.taygo.stepDefinations.SignUpPageSteps.userEnterFirstNameLastNameEmailMobile(java.lang.String,java.lang.String,java.lang.String,java.lang.String)&amp#27;[0m
  &amp#27;[32mThen &amp#27;[0m&amp#27;[32muser verify error messages for firstName &amp#27;[0m&amp#27;[32m&amp#27;[1m"Required"&amp#27;[0m&amp#27;[32m, lastName &amp#27;[0m&amp#27;[32m&amp#27;[1m""&amp#27;[0m&amp#27;[32m, email &amp#27;[0m&amp#27;[32m&amp#27;[1m""&amp#27;[0m&amp#27;[32m,and  mobileNum &amp#27;[0m&amp#27;[32m&amp#27;[1m""&amp#27;[0m &amp#27;[90m# com.taygo.stepDefinations.SignUpPageSteps.userVerifyErrorMessagesForFirstNameLastNameEmailAndMobileNum(java.lang.String,java.lang.String,java.lang.String,java.lang.String)&amp#27;[0m
]]></system-out>
    <system-err><![CDATA[Jan 13, 2025 8:40:03 PM org.openqa.selenium.devtools.CdpVersionFinder findNearestMatch
WARNING: Unable to find an exact match for CDP version 131, returning the closest version; found: 128; Please update to a Selenium version that supports CDP version 131
]]></system-err>
  </testcase>
</testsuite>